[INFO ] 2019-06-20T17:49:33,557 [main] ServerKt - Starting ServerKt on Veriton-Ubuntu with PID 31420 (/home/hanu/Desktop/cor/lb/linearlb/clients/build/classes/kotlin/main started by hanu in /home/hanu/Desktop/cor/lb/linearlb/clients)
[INFO ] 2019-06-20T17:49:33,822 [main] ServerKt - No active profile set, falling back to default profiles: default
[INFO ] 2019-06-20T17:49:35,927 [main] AnnotationConfigEmbeddedWebApplicationContext - Refreshing org.springframework.boot.context.embedded.AnnotationConfigEmbeddedWebApplicationContext@1f1e58ca: startup date [Thu Jun 20 23:19:34 IST 2019]; root of context hierarchy
[INFO ] 2019-06-20T17:49:50,384 [background-preinit] Version - HV000001: Hibernate Validator 5.3.5.Final
[INFO ] 2019-06-20T17:50:16,571 [main] TomcatEmbeddedServletContainer - Tomcat initialized with port(s): 50005 (http)
[INFO ] 2019-06-20T17:50:16,829 [main] StandardService - Starting service [Tomcat]
[INFO ] 2019-06-20T17:50:16,832 [main] StandardEngine - Starting Servlet Engine: Apache Tomcat/8.5.20
[INFO ] 2019-06-20T17:50:25,997 [localhost-startStop-1] [/] - Initializing Spring embedded WebApplicationContext
[INFO ] 2019-06-20T17:50:25,997 [localhost-startStop-1] ContextLoader - Root WebApplicationContext: initialization completed in 51324 ms
[INFO ] 2019-06-20T17:50:27,289 [localhost-startStop-1] ServletRegistrationBean - Mapping servlet: 'dispatcherServlet' to [/]
[INFO ] 2019-06-20T17:50:27,299 [localhost-startStop-1] FilterRegistrationBean - Mapping filter: 'characterEncodingFilter' to: [/*]
[INFO ] 2019-06-20T17:50:27,300 [localhost-startStop-1] FilterRegistrationBean - Mapping filter: 'hiddenHttpMethodFilter' to: [/*]
[INFO ] 2019-06-20T17:50:27,301 [localhost-startStop-1] FilterRegistrationBean - Mapping filter: 'httpPutFormContentFilter' to: [/*]
[INFO ] 2019-06-20T17:50:27,301 [localhost-startStop-1] FilterRegistrationBean - Mapping filter: 'requestContextFilter' to: [/*]
[INFO ] 2019-06-20T17:51:24,963 [main] RPCClient - Startup took 41393 msec
[INFO ] 2019-06-20T17:51:38,728 [main] RequestMappingHandlerAdapter - Looking for @ControllerAdvice: org.springframework.boot.context.embedded.AnnotationConfigEmbeddedWebApplicationContext@1f1e58ca: startup date [Thu Jun 20 23:19:34 IST 2019]; root of context hierarchy
[INFO ] 2019-06-20T17:51:40,417 [main] RequestMappingHandlerMapping - Mapped "{[/api/lb/me],methods=[GET],produces=[application/json]}" onto public final java.util.Map<java.lang.String, net.corda.core.identity.CordaX500Name> com.ledgerblocks.poc.server.MainController.whoami()
[INFO ] 2019-06-20T17:51:40,419 [main] RequestMappingHandlerMapping - Mapped "{[/api/lb/identity],methods=[POST]}" onto public final org.springframework.http.ResponseEntity<java.lang.String> com.ledgerblocks.poc.server.MainController.createidentity(javax.servlet.http.HttpServletRequest)
[INFO ] 2019-06-20T17:51:40,420 [main] RequestMappingHandlerMapping - Mapped "{[/api/lb/amounts],methods=[GET],produces=[application/json]}" onto public final org.springframework.http.ResponseEntity<java.util.List<net.corda.core.contracts.StateAndRef<com.ledgerblocks.poc.state.IdentityState>>> com.ledgerblocks.poc.server.MainController.getAmounts()
[INFO ] 2019-06-20T17:51:40,424 [main] RequestMappingHandlerMapping - Mapped "{[/error],produces=[text/html]}" onto public org.springframework.web.servlet.ModelAndView org.springframework.boot.autoconfigure.web.BasicErrorController.errorHtml(javax.servlet.http.HttpServletRequest,javax.servlet.http.HttpServletResponse)
[INFO ] 2019-06-20T17:51:40,425 [main] RequestMappingHandlerMapping - Mapped "{[/error]}" onto public org.springframework.http.ResponseEntity<java.util.Map<java.lang.String, java.lang.Object>> org.springframework.boot.autoconfigure.web.BasicErrorController.error(javax.servlet.http.HttpServletRequest)
[INFO ] 2019-06-20T17:51:40,633 [main] SimpleUrlHandlerMapping - Mapped URL path [/webjars/**] onto handler of type [class org.springframework.web.servlet.resource.ResourceHttpRequestHandler]
[INFO ] 2019-06-20T17:51:40,634 [main] SimpleUrlHandlerMapping - Mapped URL path [/**] onto handler of type [class org.springframework.web.servlet.resource.ResourceHttpRequestHandler]
[INFO ] 2019-06-20T17:51:40,902 [main] SimpleUrlHandlerMapping - Mapped URL path [/**/favicon.ico] onto handler of type [class org.springframework.web.servlet.resource.ResourceHttpRequestHandler]
[INFO ] 2019-06-20T17:51:44,670 [main] AnnotationMBeanExporter - Registering beans for JMX exposure on startup
[INFO ] 2019-06-20T17:51:47,186 [main] Http11NioProtocol - Initializing ProtocolHandler ["http-nio-50005"]
[INFO ] 2019-06-20T17:51:49,462 [main] Http11NioProtocol - Starting ProtocolHandler ["http-nio-50005"]
[INFO ] 2019-06-20T17:51:51,125 [main] NioSelectorPool - Using a shared selector for servlet write/read
[INFO ] 2019-06-20T17:51:51,779 [main] TomcatEmbeddedServletContainer - Tomcat started on port(s): 50005 (http)
[INFO ] 2019-06-20T17:51:52,157 [main] ServerKt - Started ServerKt in 168.797 seconds (JVM running for 180.675)
[INFO ] 2019-06-20T17:52:36,936 [http-nio-50005-exec-3] [/] - Initializing Spring FrameworkServlet 'dispatcherServlet'
[INFO ] 2019-06-20T17:52:36,937 [http-nio-50005-exec-3] DispatcherServlet - FrameworkServlet 'dispatcherServlet': initialization started
[INFO ] 2019-06-20T17:52:37,103 [http-nio-50005-exec-3] DispatcherServlet - FrameworkServlet 'dispatcherServlet': initialization completed in 166 ms
[WARN ] 2019-06-20T17:52:45,645 [rpc-client-reaper-0] RPCClientProxyHandler - A hot observable returned from an RPC was never subscribed to. This wastes server-side resources because it was queueing observations for retrieval. It is being closed now, but please adjust your code to call .notUsed() on the observable to close it explicitly. (Java users: subscribe to it then unsubscribe). If you aren't sure where the leak is coming from, set -Dnet.corda.client.rpc.trackRpcCallSites=true on the JVM command line and you will get a stack trace with this warning.
[WARN ] 2019-06-20T17:52:45,650 [rpc-client-reaper-0] RPCClientProxyHandler - A hot observable returned from an RPC was never subscribed to. This wastes server-side resources because it was queueing observations for retrieval. It is being closed now, but please adjust your code to call .notUsed() on the observable to close it explicitly. (Java users: subscribe to it then unsubscribe). If you aren't sure where the leak is coming from, set -Dnet.corda.client.rpc.trackRpcCallSites=true on the JVM command line and you will get a stack trace with this warning.
[WARN ] 2019-06-20T17:52:45,659 [rpc-client-reaper-0] RPCClientProxyHandler - A hot observable returned from an RPC was never subscribed to. This wastes server-side resources because it was queueing observations for retrieval. It is being closed now, but please adjust your code to call .notUsed() on the observable to close it explicitly. (Java users: subscribe to it then unsubscribe). If you aren't sure where the leak is coming from, set -Dnet.corda.client.rpc.trackRpcCallSites=true on the JVM command line and you will get a stack trace with this warning.
[ERROR] 2019-06-20T17:52:58,245 [http-nio-50005-exec-3] RestController - net.corda.core.CordaRuntimeException: List is empty.
java.util.concurrent.ExecutionException: net.corda.core.CordaRuntimeException: List is empty.
	at java.util.concurrent.CompletableFuture.reportGet(CompletableFuture.java:357) ~[?:1.8.0_211]
	at java.util.concurrent.CompletableFuture.get(CompletableFuture.java:1895) ~[?:1.8.0_211]
	at net.corda.core.internal.concurrent.CordaFutureImpl.get(CordaFutureImpl.kt) ~[corda-core-4.0.jar:?]
	at com.ledgerblocks.poc.server.MainController.createidentity(MainController.kt:72) [main/:?]
	at sun.reflect.NativeMethodAccessorImpl.invoke0(Native Method) ~[?:1.8.0_211]
	at sun.reflect.NativeMethodAccessorImpl.invoke(NativeMethodAccessorImpl.java:62) ~[?:1.8.0_211]
	at sun.reflect.DelegatingMethodAccessorImpl.invoke(DelegatingMethodAccessorImpl.java:43) ~[?:1.8.0_211]
	at java.lang.reflect.Method.invoke(Method.java:498) ~[?:1.8.0_211]
	at org.springframework.web.method.support.InvocableHandlerMethod.doInvoke(InvocableHandlerMethod.java:205) [spring-web[INFO ] 2019-06-21T21:48:27,141 [main] ServerKt - Starting ServerKt on Veriton-Ubuntu with PID 1989 (/home/hanu/Desktop/cor/lb/linearlb/clients/build/classes/kotlin/main started by hanu in /home/hanu/Desktop/cor/lb/linearlb/clients)
[INFO ] 2019-06-21T21:48:27,215 [main] ServerKt - No active profile set, falling back to default profiles: default
[INFO ] 2019-06-21T21:48:27,736 [main] AnnotationConfigEmbeddedWebApplicationContext - Refreshing org.springframework.boot.context.embedded.AnnotationConfigEmbeddedWebApplicationContext@1f1e58ca: startup date [Sat Jun 22 03:18:27 IST 2019]; root of context hierarchy
[INFO ] 2019-06-21T21:48:31,909 [background-preinit] Version - HV000001: Hibernate Validator 5.3.5.Final
[INFO ] 2019-06-21T21:48:36,625 [main] TomcatEmbeddedServletContainer - Tomcat initialized with port(s): 50005 (http)
[INFO ] 2019-06-21T21:48:36,688 [main] StandardService - Starting service [Tomcat]
[INFO ] 2019-06-21T21:48:36,691 [main] StandardEngine - Starting Servlet Engine: Apache Tomcat/8.5.20
[INFO ] 2019-06-21T21:48:37,700 [localhost-startStop-1] [/] - Initializing Spring embedded WebApplicationContext
[INFO ] 2019-06-21T21:48:37,701 [localhost-startStop-1] ContextLoader - Root WebApplicationContext: initialization completed in 9979 ms
[INFO ] 2019-06-21T21:48:38,132 [localhost-startStop-1] ServletRegistrationBean - Mapping servlet: 'dispatcherServlet' to [/]
[INFO ] 2019-06-21T21:48:38,145 [localhost-startStop-1] FilterRegistrationBean - Mapping filter: 'characterEncodingFilter' to: [/*]
[INFO ] 2019-06-21T21:48:38,146 [localhost-startStop-1] FilterRegistrationBean - Mapping filter: 'hiddenHttpMethodFilter' to: [/*]
[INFO ] 2019-06-21T21:48:38,147 [localhost-startStop-1] FilterRegistrationBean - Mapping filter: 'httpPutFormContentFilter' to: [/*]
[INFO ] 2019-06-21T21:48:38,147 [localhost-startStop-1] FilterRegistrationBean - Mapping filter: 'requestContextFilter' to: [/*]
[INFO ] 2019-06-21T21:48:50,308 [main] RPCClient - Startup took 10245 msec
[INFO ] 2019-06-21T21:48:52,650 [main] RequestMappingHandlerAdapter - Looking for @ControllerAdvice: org.springframework.boot.context.embedded.AnnotationConfigEmbeddedWebApplicationContext@1f1e58ca: startup date [Sat Jun 22 03:18:27 IST 2019]; root of context hierarchy
[INFO ] 2019-06-21T21:48:53,503 [main] RequestMappingHandlerMapping - Mapped "{[/api/lb/identity],methods=[POST]}" onto public final org.springframework.http.ResponseEntity<java.lang.String> com.ledgerblocks.poc.server.MainController.createidentity(javax.servlet.http.HttpServletRequest)
[INFO ] 2019-06-21T21:48:53,506 [main] RequestMappingHandlerMapping - Mapped "{[/api/lb/amounts],methods=[GET],produces=[application/json]}" onto public final org.springframework.http.ResponseEntity<java.util.List<net.corda.core.contracts.StateAndRef<com.ledgerblocks.poc.state.IdentityState>>> com.ledgerblocks.poc.server.MainController.getAmounts()
[INFO ] 2019-06-21T21:48:53,507 [main] RequestMappingHandlerMapping - Mapped "{[/api/lb/me],methods=[GET],produces=[application/json]}" onto public final java.util.Map<java.lang.String, net.corda.core.identity.CordaX500Name> com.ledgerblocks.poc.server.MainController.whoami()
[INFO ] 2019-06-21T21:48:53,510 [main] RequestMappingHandlerMapping - Mapped "{[/api/lb/loan],methods=[POST]}" onto public final org.springframework.http.ResponseEntity<java.lang.String> com.ledgerblocks.poc.server.MainController.createLoan(javax.servlet.http.HttpServletRequest)
[INFO ] 2019-06-21T21:48:53,514 [main] RequestMappingHandlerMapping - Mapped "{[/error],produces=[text/html]}" onto public org.springframework.web.servlet.ModelAndView org.springframework.boot.autoconfigure.web.BasicErrorController.errorHtml(javax.servlet.http.HttpServletRequest,javax.servlet.http.HttpServletResponse)
[INFO ] 2019-06-21T21:48:53,515 [main] RequestMappingHandlerMapping - Mapped "{[/error]}" onto public org.springframework.http.ResponseEntity<java.util.Map<java.lang.String, java.lang.Object>> org.springframework.boot.autoconfigure.web.BasicErrorController.error(javax.servlet.http.HttpServletRequest)
[INFO ] 2019-06-21T21:48:53,596 [main] SimpleUrlHandlerMapping - Mapped URL path [/webjars/**] onto handler of type [class org.springframework.web.servlet.resource.ResourceHttpRequestHandler]
[INFO ] 2019-06-21T21:48:53,596 [main] SimpleUrlHandlerMapping - Mapped URL path [/**] onto handler of type [class org.springframework.web.servlet.resource.ResourceHttpRequestHandler]
[INFO ] 2019-06-21T21:48:53,707 [main] SimpleUrlHandlerMapping - Mapped URL path [/**/favicon.ico] onto handler of type [class org.springframework.web.servlet.resource.ResourceHttpRequestHandler]
[INFO ] 2019-06-21T21:48:54,320 [main] AnnotationMBeanExporter - Registering beans for JMX exposure on startup
[INFO ] 2019-06-21T21:48:54,370 [main] Http11NioProtocol - Initializing ProtocolHandler ["http-nio-50005"]
[INFO ] 2019-06-21T21:48:54,405 [main] Http11NioProtocol - Starting ProtocolHandler ["http-nio-50005"]
[INFO ] 2019-06-21T21:48:54,443 [main] NioSelectorPool - Using a shared selector for servlet write/read
[INFO ] 2019-06-21T21:48:54,486 [main] TomcatEmbeddedServletContainer - Tomcat started on port(s): 50005 (http)
[INFO ] 2019-06-21T21:48:54,513 [main] ServerKt - Started ServerKt in 33.453 seconds (JVM running for 38.998)
[INFO ] 2019-06-21T21:50:13,670 [http-nio-50005-exec-1] [/] - Initializing Spring FrameworkServlet 'dispatcherServlet'
[INFO ] 2019-06-21T21:50:13,670 [http-nio-50005-exec-1] DispatcherServlet - FrameworkServlet 'dispatcherServlet': initialization started
[INFO ] 2019-06-21T21:50:13,737 [http-nio-50005-exec-1] DispatcherServlet - FrameworkServlet 'dispatcherServlet': initialization completed in 67 ms
[WARN ] 2019-06-21T21:50:17,740 [rpc-client-reaper-0] RPCClientProxyHandler - A hot observable returned from an RPC was never subscribed to. This wastes server-side resources because it was queueing observations for retrieval. It is being closed now, but please adjust your code to call .notUsed() on the observable to close it explicitly. (Java users: subscribe to it then unsubscribe). If you aren't sure where the leak is coming from, set -Dnet.corda.client.rpc.trackRpcCallSites=true on the JVM command line and you will get a stack trace with this warning.
[WARN ] 2019-06-21T21:50:17,741 [rpc-client-reaper-0] RPCClientProxyHandler - A hot observable returned from an RPC was never subscribed to. This wastes server-side resources because it was queueing observations for retrieval. It is being closed now, but please adjust your code to call .notUsed() on the observable to close it explicitly. (Java users: subscribe to it then unsubscribe). If you aren't sure where the leak is coming from, set -Dnet.corda.client.rpc.trackRpcCallSites=true on the JVM command line and you will get a stack trace with this warning.
[WARN ] 2019-06-21T21:50:17,742 [rpc-client-reaper-0] RPCClientProxyHandler - A hot observable returned from an RPC was never subscribed to. This wastes server-side resources because it was queueing observations for retrieval. It is being closed now, but please adjust your code to call .notUsed() on the observable to close it explicitly. (Java users: subscribe to it then unsubscribe). If you aren't sure where the leak is coming from, set -Dnet.corda.client.rpc.trackRpcCallSites=true on the JVM command line and you will get a stack trace with this warning.
[ERROR] 2019-06-21T21:50:53,490 [http-nio-50005-exec-3] RestController - net.corda.core.CordaRuntimeException
java.util.concurrent.ExecutionException: net.corda.core.CordaRuntimeException
	at java.util.concurrent.CompletableFuture.reportGet(CompletableFuture.java:357) ~[?:1.8.0_211]
	at java.util.concurrent.CompletableFuture.get(CompletableFuture.java:1895) ~[?:1.8.0_211]
	at net.corda.core.internal.concurrent.CordaFutureImpl.get(CordaFutureImpl.kt) ~[corda-core-4.0.jar:?]
	at com.ledgerblocks.poc.server.MainController.createLoan(MainController.kt:118) [main/:?]
	at sun.reflect.NativeMethodAccessorImpl.invoke0(Native Method) ~[?:1.8.0_211]
	at sun.reflect.NativeMethodAccessorImpl.invoke(NativeMethodAccessorImpl.java:62) ~[?:1.8.0_211]
	at sun.reflect.DelegatingMethodAccessorImpl.invoke(DelegatingMethodAccessorImpl.java:43) ~[?:1.8.0_211]
	at java.lang.reflect.Method.invoke(Method.java:498) ~[?:1.8.0_211]
	at org.springframework.web.method.support.InvocableHandlerMethod.doInvoke(InvocableHandlerMethod.java:205) [spring-web-4.3.11.RELEASE.jar:4.3.11.RELEASE]
	at org.springframework.web.method.support.InvocableHandlerMethod.invokeForRequest(InvocableHandlerMethod.java:133) [spring-web-4.3.11.RELEASE.jar:4.3.11.RELEASE]
	at org.springframework.web.servlet.mvc.method.annotation.ServletInvocableHandlerMethod.invokeAndHandle(ServletInvocableHandlerMethod.java:97) [spring-webmvc-4.3.11.RELEASE.jar:4.3.11.RELEASE]
	at org.springframework.web.servlet.mvc.method.annotation.RequestMappingHandlerAdapter.invokeHandlerMethod(RequestMappingHandlerAdapter.java:827) [spring-webmvc-4.3.11.RELEASE.jar:4.3.11.RELEASE]
	at org.springframework.web.servlet.mvc.method.annotation.RequestMappingHandlerAdapter.handleInternal(RequestMappingHandlerAdapter.java:738) [spring-webmvc-4.3.11.RELEASE.jar:4.3.11.RELEASE]
	at org.springframework.web.servlet.mvc.method.AbstractHandlerMethodAdapter.handle(AbstractHandlerMethodAdapter.java:85) [spring-webmvc-4.3.11.RELEASE.jar:4.3.11.RELEASE]
	at org.springframework.web.servlet.DispatcherServlet.doDispatch(DispatcherServlet.java:967) [spring-webmvc-4.3.11.RELEASE.jar:4.3.11.RELEASE]
	at org.springframework.web.servlet.DispatcherServlet.doService(DispatcherServlet.java:901) [spring-webmvc-4.3.11.RELEASE.jar:4.3.11.RELEASE]
	at org.springframework.web.servlet.FrameworkServlet.processRequest(FrameworkServlet.java:970) [spring-webmvc-4.3.11.RELEASE.jar:4.3.11.RELEASE]
	at org.springframework.web.servlet.FrameworkServlet.doPost(FrameworkServlet.java:872) [spring-webmvc-4.3.11.RELEASE.jar:4.3.11.RELEASE]
	at javax.servlet.http.HttpServlet.service(HttpServlet.java:661) [tomcat-embed-core-8.5.20.jar:8.5.20]
	at org.springframework.web.servlet.FrameworkServlet.service(FrameworkServlet.java:846) [spring-webmvc-4.3.11.RELEASE.jar:4.3.11.RELEASE]
	at javax.servlet.http.HttpServlet.service(HttpServlet.java:742) [tomcat-embed-core-8.5.20.jar:8.5.20]
	at org.apache.catalina.core.ApplicationFilterChain.internalDoFilter(ApplicationFilterChain.java:231) [tomcat-embed-core-8.5.20.jar:8.5.20]
	at org.apache.catalina.core.ApplicationFilterChain.doFilter(ApplicationFilterChain.java:166) [tomcat-embed-core-8.5.20.jar:8.5.20]
	at org.apache.tomcat.websocket.server.WsFilter.doFilter(WsFilter.java:52) [tomcat-embed-websocket-8.5.20.jar:8.5.20]
	at org.apache.catalina.core.ApplicationFilterChain.internalDoFilter(ApplicationFilterChain.java:193) [tomcat-embed-core-8.5.20.jar:8.5.20]
	at org.apache.catalina.core.ApplicationFilterChain.doFilter(ApplicationFilterChain.java:166) [tomcat-embed-core-8.5.20.jar:8.5.20]
	at org.springframework.web.filter.RequestContextFilter.doFilterInternal(RequestContextFilter.java:99) [spring-web-4.3.11.RELEASE.jar:4.3.11.RELEASE]
	at org.springframework.web.filter.OncePerRequestFilter.doFilter(OncePerRequestFilter.java:107) [spring-web-4.3.11.RELEASE.jar:4.3.11.RELEASE]
	at org.apache.catalina.core.ApplicationFilterChain.internalDoFilter(ApplicationFilterChain.java:193) [tomcat-embed-core-8.5.20.jar:8.5.20]
	at org.apache.catalina.core.ApplicationFilterChain.doFilter(ApplicationFilterChain.java:166) [tomcat-embed-core-8.5.20.jar:8.5.20]
	at org.springframework.web.filter.HttpPutFormContentFilter.doFilterInternal(HttpPutFormContentFilter.java:108) [spring-web-4.3.11.RELEASE.jar:4.3.11.RELEASE]
	at org.springframework.web.filter.OncePerRequestFilter.doFilter(OncePerRequestFilter.java:107) [spring-web-4.3.11.RELEASE.jar:4.3.11.RELEASE]
	at org.apache.catalina.core.ApplicationFilterChain.internalDoFilter(ApplicationFilterChain.java:193) [tomcat-embed-core-8.5.20.jar:8.5.20]
	at org.apache.catalina.core.ApplicationFilterChain.doFilter(ApplicationFilterChain.java:166) [tomcat-embed-core-8.5.20.jar:8.5.20]
	at org.springframework.web.filter.HiddenHttpMethodFilter.doFilterInternal(HiddenHttpMethodFilter.java:81) [spring-web-4.3.11.RELEASE.jar:4.3.11.RELEASE]
	at org.springframework.web.filter.OncePerRequestFilter.doFilter(OncePerRequestFilter.java:107) [spring-web-4.3.11.RELEASE.jar:4.3.11.RELEASE]
	at org.apache.catalina.core.ApplicationFilterChain.internalDoFilter(ApplicationFilterChain.java:193) [tomcat-embed-core-8.5.20.jar:8.5.20]
	at org.apache.catalina.core.ApplicationFilterChain.doFilter(ApplicationFilterChain.java:166) [tomcat-embed-core-8.5.20.jar:8.5.20]
	at org.springframework.web.filter.CharacterEncodingFilter.doFilterInternal(CharacterEncodingFilter.java:197) [spring-web-4.3.11.RELEASE.jar:4.3.11.RELEASE]
	at org.springframework.web.filter.OncePerRequestFilter.doFilter(OncePerRequestFilter.java:107) [spring-web-4.3.11.RELEASE.jar:4.3.11.RELEASE]
	at org.apache.catalina.core.ApplicationFilterChain.internalDoFilter(ApplicationFilterChain.java:193) [tomcat-embed-core-8.5.20.jar:8.5.20]
	at org.apache.catalina.core.ApplicationFilterChain.doFilter(ApplicationFilterChain.java:166) [tomcat-embed-core-8.5.20.jar:8.5.20]
	at org.apache.catalina.core.StandardWrapperValve.invoke(StandardWrapperValve.java:198) [tomcat-embed-core-8.5.20.jar:8.5.20]
	at org.apache.catalina.core.StandardContextValve.invoke(StandardContextValve.java:96) [tomcat-embed-core-8.5.20.jar:8.5.20]
	at org.apache.catalina.authenticator.AuthenticatorBase.invoke(AuthenticatorBase.java:478) [tomcat-embed-core-8.5.20.jar:8.5.20]
	at org.apache.catalina.core.StandardHostValve.invoke(StandardHostValve.java:140) [tomcat-embed-core-8.5.20.jar:8.5.20]
	at org.apache.catalina.valves.ErrorReportValve.invoke(ErrorReportValve.java:80) [tomcat-embed-core-8.5.20.jar:8.5.20]
	at org.apache.catalina.core.StandardEngineValve.invoke(StandardEngineValve.java:87) [tomcat-embed-core-8.5.20.jar:8.5.20]
	at org.apache.catalina.connector.CoyoteAdapter.service(CoyoteAdapter.java:342) [tomcat-embed-core-8.5.20.jar:8.5.20]
	at org.apache.coyote.http11.Http11Processor.service(Http11Processor.java:799) [tomcat-embed-core-8.5.20.jar:8.5.20]
	at org.apache.coyote.AbstractProcessorLight.process(AbstractProcessorLight.java:66) [tomcat-embed-core-8.5.20.jar:8.5.20]
	at org.apache.coyote.AbstractProtocol$ConnectionHandler.process(AbstractProtocol.java:868) [tomcat-embed-core-8.5.20.jar:8.5.20]
	at org.apache.tomcat.util.net.NioEndpoint$SocketProcessor.doRun(NioEndpoint.java:1457) [tomcat-embed-core-8.5.20.jar:8.5.20]
	at org.apache.tomcat.util.net.SocketProcessorBase.run(SocketProcessorBase.java:49) [tomcat-embed-core-8.5.20.jar:8.5.20]
	at java.util.concurrent.ThreadPoolExecutor.runWorker(ThreadPoolExecutor.java:1149) [?:1.8.0_211]
	at java.util.concurrent.ThreadPoolExecutor$Worker.run(ThreadPoolExecutor.java:624) [?:1.8.0_211]
	at org.apache.tomcat.util.threads.TaskThread$WrappingRunnable.run(TaskThread.java:61) [tomcat-embed-core-8.5.20.jar:8.5.20]
	at java.lang.Thread.run(Thread.java:748) [?:1.8.0_211]
Caused by: net.corda.core.CordaRuntimeException
[ERROR] 2019-06-21T21:53:45,570 [http-nio-50005-exec-5] RestController - net.corda.core.CordaRuntimeException
java.util.concurrent.ExecutionException: net.corda.core.CordaRuntimeException
	at java.util.concurrent.CompletableFuture.reportGet(CompletableFuture.java:357) ~[?:1.8.0_211]
	at java.util.concurrent.CompletableFuture.get(CompletableFuture.java:1895) ~[?:1.8.0_211]
	at net.corda.core.internal.concurrent.CordaFutureImpl.get(CordaFutureImpl.kt) ~[corda-core-4.0.jar:?]
	at com.ledgerblocks.poc.server.MainController.createLoan(MainController.kt:118) [main/:?]
	at sun.reflect.NativeMethodAccessorImpl.invoke0(Native Method) ~[?:1.8.0_211]
	at sun.reflect.NativeMethodAccessorImpl.invoke(NativeMethodAccessorImpl.java:62) ~[?:1.8.0_211]
	at sun.reflect.DelegatingMethodAccessorImpl.invoke(DelegatingMethodAccessorImpl.java:43) ~[?:1.8.0_211]
	at java.lang.reflect.Method.invoke(Method.java:498) ~[?:1.8.0_211]
	at org.springframework.web.method.support.InvocableHandlerMethod.doInvoke(InvocableHandlerMethod.java:205) [spring-web-4.3.11.RELEASE.jar:4.3.11.RELEASE]
	at org.springframework.web.method.support.InvocableHandlerMethod.invokeForRequest(InvocableHandlerMethod.java:133) [spring-web-4.3.11.RELEASE.jar:4.3.11.RELEASE]
	at org.sp